2018-08-02 14:24:07 [scrapy.utils.log] INFO: Scrapy 1.5.1 started (bot: readbook)
2018-08-02 14:24:07 [scrapy.utils.log] INFO: Versions: lxml 4.2.3.0, libxml2 2.9.5, cssselect 1.0.3, parsel 1.5.0, w3lib 1.19.0, Twisted 18.4.0, Python 3.6.4 (v3.6.4:d48eceb, Dec 19 2017, 06:54:40) [MSC v.1900 64 bit (AMD64)], pyOpenSSL 18.0.0 (OpenSSL 1.1.0h  27 Mar 2018), cryptography 2.3, Platform Windows-7-6.1.7601-SP1
2018-08-02 14:24:07 [scrapy.crawler] INFO: Overridden settings: {'BOT_NAME': 'readbook', 'LOG_FILE': 'book.log', 'LOG_LEVEL': 'INFO', 'NEWSPIDER_MODULE': 'readbook.spiders', 'SPIDER_MODULES': ['readbook.spiders'], 'USER_AGENT': 'Mozilla/5.0 (Windows NT 6.1; Win64; x64) AppleWebKit/537.36 (KHTML, like Gecko) Chrome/67.0.3396.99 Safari/537.36'}
2018-08-02 14:24:07 [scrapy.middleware] INFO: Enabled extensions:
['scrapy.extensions.corestats.CoreStats',
 'scrapy.extensions.telnet.TelnetConsole',
 'scrapy.extensions.logstats.LogStats']
2018-08-02 14:24:08 [scrapy.middleware] INFO: Enabled downloader middlewares:
['scrapy.downloadermiddlewares.httpauth.HttpAuthMiddleware',
 'scrapy.downloadermiddlewares.downloadtimeout.DownloadTimeoutMiddleware',
 'scrapy.downloadermiddlewares.defaultheaders.DefaultHeadersMiddleware',
 'scrapy.downloadermiddlewares.useragent.UserAgentMiddleware',
 'scrapy.downloadermiddlewares.retry.RetryMiddleware',
 'scrapy.downloadermiddlewares.redirect.MetaRefreshMiddleware',
 'scrapy.downloadermiddlewares.httpcompression.HttpCompressionMiddleware',
 'scrapy.downloadermiddlewares.redirect.RedirectMiddleware',
 'scrapy.downloadermiddlewares.cookies.CookiesMiddleware',
 'scrapy.downloadermiddlewares.httpproxy.HttpProxyMiddleware',
 'scrapy.downloadermiddlewares.stats.DownloaderStats']
2018-08-02 14:24:08 [scrapy.middleware] INFO: Enabled spider middlewares:
['scrapy.spidermiddlewares.httperror.HttpErrorMiddleware',
 'scrapy.spidermiddlewares.offsite.OffsiteMiddleware',
 'scrapy.spidermiddlewares.referer.RefererMiddleware',
 'scrapy.spidermiddlewares.urllength.UrlLengthMiddleware',
 'scrapy.spidermiddlewares.depth.DepthMiddleware']
2018-08-02 14:24:08 [scrapy.middleware] INFO: Enabled item pipelines:
['readbook.pipelines.ReadbookPipeline']
2018-08-02 14:24:08 [scrapy.core.engine] INFO: Spider opened
2018-08-02 14:24:08 [scrapy.extensions.logstats] INFO: Crawled 0 pages (at 0 pages/min), scraped 0 items (at 0 items/min)
2018-08-02 14:24:19 [scrapy.core.engine] INFO: Closing spider (finished)
2018-08-02 14:24:19 [scrapy.core.engine] ERROR: Scraper close failure
Traceback (most recent call last):
  File "c:\users\administrator\appdata\local\programs\python\python36\lib\site-packages\twisted\internet\defer.py", line 653, in _runCallbacks
    current.result = callback(current.result, *args, **kw)
TypeError: close_spider() takes 1 positional argument but 2 were given
2018-08-02 14:24:19 [scrapy.statscollectors] INFO: Dumping Scrapy stats:
{'downloader/request_bytes': 36058,
 'downloader/request_count': 101,
 'downloader/request_method_count/GET': 101,
 'downloader/response_bytes': 1525053,
 'downloader/response_count': 101,
 'downloader/response_status_count/200': 101,
 'dupefilter/filtered': 1212,
 'finish_reason': 'finished',
 'finish_time': datetime.datetime(2018, 8, 2, 6, 24, 19, 270272),
 'item_scraped_count': 4000,
 'log_count/ERROR': 1,
 'log_count/INFO': 7,
 'request_depth_max': 18,
 'response_received_count': 101,
 'scheduler/dequeued': 101,
 'scheduler/dequeued/memory': 101,
 'scheduler/enqueued': 101,
 'scheduler/enqueued/memory': 101,
 'start_time': datetime.datetime(2018, 8, 2, 6, 24, 8, 66646)}
2018-08-02 14:24:19 [scrapy.core.engine] INFO: Spider closed (finished)
2018-08-02 14:25:37 [scrapy.core.engine] ERROR: Scraper close failure
Traceback (most recent call last):
  File "c:\users\administrator\appdata\local\programs\python\python36\lib\site-packages\twisted\internet\defer.py", line 653, in _runCallbacks
    current.result = callback(current.result, *args, **kw)
TypeError: close_spider() takes 1 positional argument but 2 were given
